0 info it worked if it ends with ok
1 verbose cli [ 'node',
1 verbose cli   '/usr/local/bin/npm',
1 verbose cli   'install',
1 verbose cli   'gulp',
1 verbose cli   'gulp-ruby-sass',
1 verbose cli   'gulp-autoprefixer',
1 verbose cli   'gulp-minify-css',
1 verbose cli   'gulp-jshint',
1 verbose cli   'gulp-concat',
1 verbose cli   'gulp-uglify',
1 verbose cli   'gulp-notify',
1 verbose cli   'gulp-rename',
1 verbose cli   'del',
1 verbose cli   '--save-dev' ]
2 info using npm@1.4.28
3 info using node@v0.10.33
4 verbose cache add [ 'gulp', null ]
5 verbose cache add name=undefined spec="gulp" args=["gulp",null]
6 verbose parsed url { protocol: null,
6 verbose parsed url   slashes: null,
6 verbose parsed url   auth: null,
6 verbose parsed url   host: null,
6 verbose parsed url   port: null,
6 verbose parsed url   hostname: null,
6 verbose parsed url   hash: null,
6 verbose parsed url   search: null,
6 verbose parsed url   query: null,
6 verbose parsed url   pathname: 'gulp',
6 verbose parsed url   path: 'gulp',
6 verbose parsed url   href: 'gulp' }
7 verbose cache add [ 'gulp-ruby-sass', null ]
8 verbose cache add name=undefined spec="gulp-ruby-sass" args=["gulp-ruby-sass",null]
9 verbose parsed url { protocol: null,
9 verbose parsed url   slashes: null,
9 verbose parsed url   auth: null,
9 verbose parsed url   host: null,
9 verbose parsed url   port: null,
9 verbose parsed url   hostname: null,
9 verbose parsed url   hash: null,
9 verbose parsed url   search: null,
9 verbose parsed url   query: null,
9 verbose parsed url   pathname: 'gulp-ruby-sass',
9 verbose parsed url   path: 'gulp-ruby-sass',
9 verbose parsed url   href: 'gulp-ruby-sass' }
10 verbose cache add [ 'gulp-autoprefixer', null ]
11 verbose cache add name=undefined spec="gulp-autoprefixer" args=["gulp-autoprefixer",null]
12 verbose parsed url { protocol: null,
12 verbose parsed url   slashes: null,
12 verbose parsed url   auth: null,
12 verbose parsed url   host: null,
12 verbose parsed url   port: null,
12 verbose parsed url   hostname: null,
12 verbose parsed url   hash: null,
12 verbose parsed url   search: null,
12 verbose parsed url   query: null,
12 verbose parsed url   pathname: 'gulp-autoprefixer',
12 verbose parsed url   path: 'gulp-autoprefixer',
12 verbose parsed url   href: 'gulp-autoprefixer' }
13 verbose cache add [ 'gulp-minify-css', null ]
14 verbose cache add name=undefined spec="gulp-minify-css" args=["gulp-minify-css",null]
15 verbose parsed url { protocol: null,
15 verbose parsed url   slashes: null,
15 verbose parsed url   auth: null,
15 verbose parsed url   host: null,
15 verbose parsed url   port: null,
15 verbose parsed url   hostname: null,
15 verbose parsed url   hash: null,
15 verbose parsed url   search: null,
15 verbose parsed url   query: null,
15 verbose parsed url   pathname: 'gulp-minify-css',
15 verbose parsed url   path: 'gulp-minify-css',
15 verbose parsed url   href: 'gulp-minify-css' }
16 verbose cache add [ 'gulp-jshint', null ]
17 verbose cache add name=undefined spec="gulp-jshint" args=["gulp-jshint",null]
18 verbose parsed url { protocol: null,
18 verbose parsed url   slashes: null,
18 verbose parsed url   auth: null,
18 verbose parsed url   host: null,
18 verbose parsed url   port: null,
18 verbose parsed url   hostname: null,
18 verbose parsed url   hash: null,
18 verbose parsed url   search: null,
18 verbose parsed url   query: null,
18 verbose parsed url   pathname: 'gulp-jshint',
18 verbose parsed url   path: 'gulp-jshint',
18 verbose parsed url   href: 'gulp-jshint' }
19 verbose cache add [ 'gulp-concat', null ]
20 verbose cache add name=undefined spec="gulp-concat" args=["gulp-concat",null]
21 verbose parsed url { protocol: null,
21 verbose parsed url   slashes: null,
21 verbose parsed url   auth: null,
21 verbose parsed url   host: null,
21 verbose parsed url   port: null,
21 verbose parsed url   hostname: null,
21 verbose parsed url   hash: null,
21 verbose parsed url   search: null,
21 verbose parsed url   query: null,
21 verbose parsed url   pathname: 'gulp-concat',
21 verbose parsed url   path: 'gulp-concat',
21 verbose parsed url   href: 'gulp-concat' }
22 verbose cache add [ 'gulp-uglify', null ]
23 verbose cache add name=undefined spec="gulp-uglify" args=["gulp-uglify",null]
24 verbose parsed url { protocol: null,
24 verbose parsed url   slashes: null,
24 verbose parsed url   auth: null,
24 verbose parsed url   host: null,
24 verbose parsed url   port: null,
24 verbose parsed url   hostname: null,
24 verbose parsed url   hash: null,
24 verbose parsed url   search: null,
24 verbose parsed url   query: null,
24 verbose parsed url   pathname: 'gulp-uglify',
24 verbose parsed url   path: 'gulp-uglify',
24 verbose parsed url   href: 'gulp-uglify' }
25 verbose cache add [ 'gulp-notify', null ]
26 verbose cache add name=undefined spec="gulp-notify" args=["gulp-notify",null]
27 verbose parsed url { protocol: null,
27 verbose parsed url   slashes: null,
27 verbose parsed url   auth: null,
27 verbose parsed url   host: null,
27 verbose parsed url   port: null,
27 verbose parsed url   hostname: null,
27 verbose parsed url   hash: null,
27 verbose parsed url   search: null,
27 verbose parsed url   query: null,
27 verbose parsed url   pathname: 'gulp-notify',
27 verbose parsed url   path: 'gulp-notify',
27 verbose parsed url   href: 'gulp-notify' }
28 verbose cache add [ 'gulp-rename', null ]
29 verbose cache add name=undefined spec="gulp-rename" args=["gulp-rename",null]
30 verbose parsed url { protocol: null,
30 verbose parsed url   slashes: null,
30 verbose parsed url   auth: null,
30 verbose parsed url   host: null,
30 verbose parsed url   port: null,
30 verbose parsed url   hostname: null,
30 verbose parsed url   hash: null,
30 verbose parsed url   search: null,
30 verbose parsed url   query: null,
30 verbose parsed url   pathname: 'gulp-rename',
30 verbose parsed url   path: 'gulp-rename',
30 verbose parsed url   href: 'gulp-rename' }
31 verbose cache add [ 'del', null ]
32 verbose cache add name=undefined spec="del" args=["del",null]
33 verbose parsed url { protocol: null,
33 verbose parsed url   slashes: null,
33 verbose parsed url   auth: null,
33 verbose parsed url   host: null,
33 verbose parsed url   port: null,
33 verbose parsed url   hostname: null,
33 verbose parsed url   hash: null,
33 verbose parsed url   search: null,
33 verbose parsed url   query: null,
33 verbose parsed url   pathname: 'del',
33 verbose parsed url   path: 'del',
33 verbose parsed url   href: 'del' }
34 silly lockFile 9750c68d-gulp gulp
35 verbose lock gulp /Users/Sumit/.npm/9750c68d-gulp.lock
36 silly lockFile a832ec05-gulp-ruby-sass gulp-ruby-sass
37 verbose lock gulp-ruby-sass /Users/Sumit/.npm/a832ec05-gulp-ruby-sass.lock
38 silly lockFile 1367cca4-gulp-autoprefixer gulp-autoprefixer
39 verbose lock gulp-autoprefixer /Users/Sumit/.npm/1367cca4-gulp-autoprefixer.lock
40 silly lockFile 6bf44555-gulp-minify-css gulp-minify-css
41 verbose lock gulp-minify-css /Users/Sumit/.npm/6bf44555-gulp-minify-css.lock
42 silly lockFile aeb19f3d-gulp-jshint gulp-jshint
43 verbose lock gulp-jshint /Users/Sumit/.npm/aeb19f3d-gulp-jshint.lock
44 silly lockFile a9575072-gulp-concat gulp-concat
45 verbose lock gulp-concat /Users/Sumit/.npm/a9575072-gulp-concat.lock
46 silly lockFile 15fab96b-gulp-uglify gulp-uglify
47 verbose lock gulp-uglify /Users/Sumit/.npm/15fab96b-gulp-uglify.lock
48 silly lockFile 6a726d29-gulp-notify gulp-notify
49 verbose lock gulp-notify /Users/Sumit/.npm/6a726d29-gulp-notify.lock
50 silly lockFile 8ff38cb7-gulp-rename gulp-rename
51 verbose lock gulp-rename /Users/Sumit/.npm/8ff38cb7-gulp-rename.lock
52 silly lockFile fea453f8-del del
53 verbose lock del /Users/Sumit/.npm/fea453f8-del.lock
54 silly lockFile 9750c68d-gulp gulp
55 silly lockFile 9750c68d-gulp gulp
56 silly lockFile 1367cca4-gulp-autoprefixer gulp-autoprefixer
57 silly lockFile 1367cca4-gulp-autoprefixer gulp-autoprefixer
58 silly lockFile a832ec05-gulp-ruby-sass gulp-ruby-sass
59 silly lockFile a832ec05-gulp-ruby-sass gulp-ruby-sass
60 silly lockFile 6bf44555-gulp-minify-css gulp-minify-css
61 silly lockFile 6bf44555-gulp-minify-css gulp-minify-css
62 silly lockFile a9575072-gulp-concat gulp-concat
63 silly lockFile a9575072-gulp-concat gulp-concat
64 silly lockFile aeb19f3d-gulp-jshint gulp-jshint
65 silly lockFile aeb19f3d-gulp-jshint gulp-jshint
66 silly lockFile 15fab96b-gulp-uglify gulp-uglify
67 silly lockFile 15fab96b-gulp-uglify gulp-uglify
68 verbose addNamed [ 'gulp', '' ]
69 verbose addNamed [ null, '*' ]
70 silly lockFile 72f4391e-gulp gulp@
71 verbose lock gulp@ /Users/Sumit/.npm/72f4391e-gulp.lock
72 verbose addNamed [ 'gulp-autoprefixer', '' ]
73 verbose addNamed [ null, '*' ]
74 silly lockFile e459a000-gulp-autoprefixer gulp-autoprefixer@
75 verbose lock gulp-autoprefixer@ /Users/Sumit/.npm/e459a000-gulp-autoprefixer.lock
76 verbose addNamed [ 'gulp-ruby-sass', '' ]
77 verbose addNamed [ null, '*' ]
78 silly lockFile c308c9d4-gulp-ruby-sass gulp-ruby-sass@
79 verbose lock gulp-ruby-sass@ /Users/Sumit/.npm/c308c9d4-gulp-ruby-sass.lock
80 verbose addNamed [ 'gulp-minify-css', '' ]
81 verbose addNamed [ null, '*' ]
82 silly lockFile 37de6304-gulp-minify-css gulp-minify-css@
83 verbose lock gulp-minify-css@ /Users/Sumit/.npm/37de6304-gulp-minify-css.lock
84 verbose addNamed [ 'gulp-concat', '' ]
85 verbose addNamed [ null, '*' ]
86 silly lockFile 190d832a-gulp-concat gulp-concat@
87 verbose lock gulp-concat@ /Users/Sumit/.npm/190d832a-gulp-concat.lock
88 verbose addNamed [ 'gulp-jshint', '' ]
89 verbose addNamed [ null, '*' ]
90 silly lockFile 8b36bbde-gulp-jshint gulp-jshint@
91 verbose lock gulp-jshint@ /Users/Sumit/.npm/8b36bbde-gulp-jshint.lock
92 verbose addNamed [ 'gulp-uglify', '' ]
93 verbose addNamed [ null, '*' ]
94 silly lockFile 044a9113-gulp-uglify gulp-uglify@
95 verbose lock gulp-uglify@ /Users/Sumit/.npm/044a9113-gulp-uglify.lock
96 silly lockFile 6a726d29-gulp-notify gulp-notify
97 silly lockFile 6a726d29-gulp-notify gulp-notify
98 silly lockFile fea453f8-del del
99 silly lockFile fea453f8-del del
100 silly lockFile 8ff38cb7-gulp-rename gulp-rename
101 silly lockFile 8ff38cb7-gulp-rename gulp-rename
102 silly addNameRange { name: 'gulp', range: '*', hasData: false }
103 silly addNameRange { name: 'gulp-autoprefixer', range: '*', hasData: false }
104 silly addNameRange { name: 'gulp-ruby-sass', range: '*', hasData: false }
105 silly addNameRange { name: 'gulp-minify-css', range: '*', hasData: false }
106 silly addNameRange { name: 'gulp-concat', range: '*', hasData: false }
107 verbose addNamed [ 'gulp-notify', '' ]
108 verbose addNamed [ null, '*' ]
109 silly lockFile 6b689132-gulp-notify gulp-notify@
110 verbose lock gulp-notify@ /Users/Sumit/.npm/6b689132-gulp-notify.lock
111 silly addNameRange { name: 'gulp-jshint', range: '*', hasData: false }
112 verbose addNamed [ 'del', '' ]
113 verbose addNamed [ null, '*' ]
114 silly lockFile 98150654-del del@
115 verbose lock del@ /Users/Sumit/.npm/98150654-del.lock
116 verbose addNamed [ 'gulp-rename', '' ]
117 verbose addNamed [ null, '*' ]
118 silly lockFile 81aa0665-gulp-rename gulp-rename@
119 verbose lock gulp-rename@ /Users/Sumit/.npm/81aa0665-gulp-rename.lock
120 silly addNameRange { name: 'gulp-uglify', range: '*', hasData: false }
121 silly addNameRange { name: 'gulp-notify', range: '*', hasData: false }
122 silly addNameRange { name: 'del', range: '*', hasData: false }
123 silly addNameRange { name: 'gulp-rename', range: '*', hasData: false }
124 verbose request where is /gulp-ruby-sass
125 verbose request registry https://registry.npmjs.org/
126 verbose request id 2bcbbce70b2e49a4
127 verbose url raw /gulp-ruby-sass
128 verbose url resolving [ 'https://registry.npmjs.org/', './gulp-ruby-sass' ]
129 verbose url resolved https://registry.npmjs.org/gulp-ruby-sass
130 verbose request where is https://registry.npmjs.org/gulp-ruby-sass
131 info trying registry request attempt 1 at 22:52:49
132 verbose etag "9U27EOGKPP44CXOF4H51KABVQ"
133 http GET https://registry.npmjs.org/gulp-ruby-sass
134 verbose request where is /gulp
135 verbose request registry https://registry.npmjs.org/
136 verbose url raw /gulp
137 verbose url resolving [ 'https://registry.npmjs.org/', './gulp' ]
138 verbose url resolved https://registry.npmjs.org/gulp
139 verbose request where is https://registry.npmjs.org/gulp
140 info trying registry request attempt 1 at 22:52:49
141 verbose etag "2589FWDBOKQ5NS0TEFOCZ9ZG2"
142 http GET https://registry.npmjs.org/gulp
143 verbose request where is /gulp-autoprefixer
144 verbose request registry https://registry.npmjs.org/
145 verbose url raw /gulp-autoprefixer
146 verbose url resolving [ 'https://registry.npmjs.org/', './gulp-autoprefixer' ]
147 verbose url resolved https://registry.npmjs.org/gulp-autoprefixer
148 verbose request where is https://registry.npmjs.org/gulp-autoprefixer
149 info trying registry request attempt 1 at 22:52:49
150 verbose etag "A2CKCV9SU4FNTMFG4X8R5H768"
151 http GET https://registry.npmjs.org/gulp-autoprefixer
152 verbose request where is /gulp-minify-css
153 verbose request registry https://registry.npmjs.org/
154 verbose url raw /gulp-minify-css
155 verbose url resolving [ 'https://registry.npmjs.org/', './gulp-minify-css' ]
156 verbose url resolved https://registry.npmjs.org/gulp-minify-css
157 verbose request where is https://registry.npmjs.org/gulp-minify-css
158 info trying registry request attempt 1 at 22:52:49
159 verbose etag "4BS6WR51029LCEHF8JHW1I7RR"
160 http GET https://registry.npmjs.org/gulp-minify-css
161 verbose request where is /gulp-concat
162 verbose request registry https://registry.npmjs.org/
163 verbose url raw /gulp-concat
164 verbose url resolving [ 'https://registry.npmjs.org/', './gulp-concat' ]
165 verbose url resolved https://registry.npmjs.org/gulp-concat
166 verbose request where is https://registry.npmjs.org/gulp-concat
167 info trying registry request attempt 1 at 22:52:49
168 verbose etag "27N07VN2SLYJYMDA5NT7HMKNB"
169 http GET https://registry.npmjs.org/gulp-concat
170 verbose request where is /gulp-jshint
171 verbose request registry https://registry.npmjs.org/
172 verbose url raw /gulp-jshint
173 verbose url resolving [ 'https://registry.npmjs.org/', './gulp-jshint' ]
174 verbose url resolved https://registry.npmjs.org/gulp-jshint
175 verbose request where is https://registry.npmjs.org/gulp-jshint
176 info trying registry request attempt 1 at 22:52:49
177 verbose etag "2DU7CE0FQTE87FNDGU5X54KLY"
178 http GET https://registry.npmjs.org/gulp-jshint
179 verbose request where is /gulp-uglify
180 verbose request registry https://registry.npmjs.org/
181 verbose url raw /gulp-uglify
182 verbose url resolving [ 'https://registry.npmjs.org/', './gulp-uglify' ]
183 verbose url resolved https://registry.npmjs.org/gulp-uglify
184 verbose request where is https://registry.npmjs.org/gulp-uglify
185 info trying registry request attempt 1 at 22:52:49
186 verbose etag "8V56JEJWBV9F1TFSKQF5D9AN0"
187 http GET https://registry.npmjs.org/gulp-uglify
188 verbose request where is /gulp-rename
189 verbose request registry https://registry.npmjs.org/
190 verbose url raw /gulp-rename
191 verbose url resolving [ 'https://registry.npmjs.org/', './gulp-rename' ]
192 verbose url resolved https://registry.npmjs.org/gulp-rename
193 verbose request where is https://registry.npmjs.org/gulp-rename
194 info trying registry request attempt 1 at 22:52:49
195 verbose etag "5PJ1JG3W1FLXL54BFMAJ42UVK"
196 http GET https://registry.npmjs.org/gulp-rename
197 verbose request where is /del
198 verbose request registry https://registry.npmjs.org/
199 verbose url raw /del
200 verbose url resolving [ 'https://registry.npmjs.org/', './del' ]
201 verbose url resolved https://registry.npmjs.org/del
202 verbose request where is https://registry.npmjs.org/del
203 info trying registry request attempt 1 at 22:52:49
204 verbose etag "2TQWPZL1ZZOFULOO3GN5MUB5B"
205 http GET https://registry.npmjs.org/del
206 verbose request where is /gulp-notify
207 verbose request registry https://registry.npmjs.org/
208 verbose url raw /gulp-notify
209 verbose url resolving [ 'https://registry.npmjs.org/', './gulp-notify' ]
210 verbose url resolved https://registry.npmjs.org/gulp-notify
211 verbose request where is https://registry.npmjs.org/gulp-notify
212 info trying registry request attempt 1 at 22:52:49
213 verbose etag "EBPSU34UHUEHDNLD26JE8FAL7"
214 http GET https://registry.npmjs.org/gulp-notify
215 http 200 https://registry.npmjs.org/gulp-minify-css
216 silly registry.get cb [ 200,
216 silly registry.get   { date: 'Fri, 21 Nov 2014 21:52:49 GMT',
216 silly registry.get     server: 'CouchDB/1.5.0 (Erlang OTP/R16B03)',
216 silly registry.get     etag: '"CTF50DIFIECB889K9LP8WIXU7"',
216 silly registry.get     'content-type': 'application/json',
216 silly registry.get     'cache-control': 'max-age=60',
216 silly registry.get     'content-length': '21915',
216 silly registry.get     'accept-ranges': 'bytes',
216 silly registry.get     via: '1.1 varnish',
216 silly registry.get     age: '0',
216 silly registry.get     'x-served-by': 'cache-fra1242-FRA',
216 silly registry.get     'x-cache': 'HIT',
216 silly registry.get     'x-cache-hits': '1',
216 silly registry.get     'x-timer': 'S1416606769.741148,VS0,VE102',
216 silly registry.get     vary: 'Accept',
216 silly registry.get     'keep-alive': 'timeout=10, max=50',
216 silly registry.get     connection: 'Keep-Alive' } ]
217 http 200 https://registry.npmjs.org/gulp-autoprefixer
218 silly registry.get cb [ 200,
218 silly registry.get   { date: 'Fri, 21 Nov 2014 21:52:49 GMT',
218 silly registry.get     server: 'CouchDB/1.5.0 (Erlang OTP/R16B03)',
218 silly registry.get     etag: '"2OGBK18X20CL1WXZUL6E85QHA"',
218 silly registry.get     'content-type': 'application/json',
218 silly registry.get     'cache-control': 'max-age=60',
218 silly registry.get     'content-length': '18067',
218 silly registry.get     'accept-ranges': 'bytes',
218 silly registry.get     via: '1.1 varnish',
218 silly registry.get     age: '0',
218 silly registry.get     'x-served-by': 'cache-fra1242-FRA',
218 silly registry.get     'x-cache': 'HIT',
218 silly registry.get     'x-cache-hits': '1',
218 silly registry.get     'x-timer': 'S1416606769.778047,VS0,VE99',
218 silly registry.get     vary: 'Accept',
218 silly registry.get     'keep-alive': 'timeout=10, max=50',
218 silly registry.get     connection: 'Keep-Alive' } ]
219 silly addNameRange number 2 { name: 'gulp-autoprefixer', range: '*', hasData: true }
220 silly addNameRange versions [ 'gulp-autoprefixer',
220 silly addNameRange   [ '0.0.1',
220 silly addNameRange     '0.0.2',
220 silly addNameRange     '0.0.3',
220 silly addNameRange     '0.0.4',
220 silly addNameRange     '0.0.5',
220 silly addNameRange     '0.0.6',
220 silly addNameRange     '0.0.7',
220 silly addNameRange     '0.0.8',
220 silly addNameRange     '0.0.9',
220 silly addNameRange     '0.0.10',
220 silly addNameRange     '1.0.0',
220 silly addNameRange     '1.0.1',
220 silly addNameRange     '2.0.0' ] ]
221 verbose addNamed [ 'gulp-autoprefixer', '2.0.0' ]
222 verbose addNamed [ '2.0.0', '2.0.0' ]
223 silly lockFile f9a608cf-gulp-autoprefixer-2-0-0 gulp-autoprefixer@2.0.0
224 verbose lock gulp-autoprefixer@2.0.0 /Users/Sumit/.npm/f9a608cf-gulp-autoprefixer-2-0-0.lock
225 silly addNameRange number 2 { name: 'gulp-minify-css', range: '*', hasData: true }
226 silly addNameRange versions [ 'gulp-minify-css',
226 silly addNameRange   [ '0.0.1',
226 silly addNameRange     '0.1.0',
226 silly addNameRange     '0.2.0',
226 silly addNameRange     '0.3.0',
226 silly addNameRange     '0.3.1',
226 silly addNameRange     '0.3.2',
226 silly addNameRange     '0.3.3',
226 silly addNameRange     '0.3.4',
226 silly addNameRange     '0.3.5',
226 silly addNameRange     '0.3.6',
226 silly addNameRange     '0.3.7',
226 silly addNameRange     '0.3.8',
226 silly addNameRange     '0.3.9',
226 silly addNameRange     '0.3.10',
226 silly addNameRange     '0.3.11' ] ]
227 verbose addNamed [ 'gulp-minify-css', '0.3.11' ]
228 verbose addNamed [ '0.3.11', '0.3.11' ]
229 silly lockFile 45873031-gulp-minify-css-0-3-11 gulp-minify-css@0.3.11
230 verbose lock gulp-minify-css@0.3.11 /Users/Sumit/.npm/45873031-gulp-minify-css-0-3-11.lock
231 silly lockFile b0acd079-ixer-gulp-autoprefixer-2-0-0-tgz https://registry.npmjs.org/gulp-autoprefixer/-/gulp-autoprefixer-2.0.0.tgz
232 verbose lock https://registry.npmjs.org/gulp-autoprefixer/-/gulp-autoprefixer-2.0.0.tgz /Users/Sumit/.npm/b0acd079-ixer-gulp-autoprefixer-2-0-0-tgz.lock
233 verbose addRemoteTarball [ 'https://registry.npmjs.org/gulp-autoprefixer/-/gulp-autoprefixer-2.0.0.tgz',
233 verbose addRemoteTarball   'a2b2b77caff473e08812452924cc891b6dcde999' ]
234 silly lockFile 45873031-gulp-minify-css-0-3-11 gulp-minify-css@0.3.11
235 silly lockFile 45873031-gulp-minify-css-0-3-11 gulp-minify-css@0.3.11
236 silly lockFile 37de6304-gulp-minify-css gulp-minify-css@
237 silly lockFile 37de6304-gulp-minify-css gulp-minify-css@
238 info retry fetch attempt 1 at 22:52:50
239 verbose fetch to= /var/folders/lc/55vb8npj2hl1rc8rhrzddtbr0000gn/T/npm-1288-zIRG7Por/registry.npmjs.org/gulp-autoprefixer/-/gulp-autoprefixer-2.0.0.tgz
240 http GET https://registry.npmjs.org/gulp-autoprefixer/-/gulp-autoprefixer-2.0.0.tgz
241 http 200 https://registry.npmjs.org/gulp
242 silly registry.get cb [ 200,
242 silly registry.get   { date: 'Fri, 21 Nov 2014 21:52:49 GMT',
242 silly registry.get     server: 'CouchDB/1.5.0 (Erlang OTP/R16B03)',
242 silly registry.get     etag: '"E8C5XOHHZ3ALJL7PKUYGRQ3AH"',
242 silly registry.get     'content-type': 'application/json',
242 silly registry.get     'cache-control': 'max-age=60',
242 silly registry.get     'content-length': '95789',
242 silly registry.get     'accept-ranges': 'bytes',
242 silly registry.get     via: '1.1 varnish',
242 silly registry.get     age: '42',
242 silly registry.get     'x-served-by': 'cache-fra1232-FRA',
242 silly registry.get     'x-cache': 'HIT',
242 silly registry.get     'x-cache-hits': '1',
242 silly registry.get     'x-timer': 'S1416606769.928217,VS0,VE0',
242 silly registry.get     vary: 'Accept',
242 silly registry.get     'keep-alive': 'timeout=10, max=50',
242 silly registry.get     connection: 'Keep-Alive' } ]
243 silly addNameRange number 2 { name: 'gulp', range: '*', hasData: true }
244 silly addNameRange versions [ 'gulp',
244 silly addNameRange   [ '0.0.1',
244 silly addNameRange     '0.0.2',
244 silly addNameRange     '0.0.3',
244 silly addNameRange     '0.0.4',
244 silly addNameRange     '0.0.5',
244 silly addNameRange     '0.0.7',
244 silly addNameRange     '0.0.8',
244 silly addNameRange     '0.0.9',
244 silly addNameRange     '0.1.0',
244 silly addNameRange     '0.2.0',
244 silly addNameRange     '1.0.0',
244 silly addNameRange     '1.1.0',
244 silly addNameRange     '1.2.0',
244 silly addNameRange     '1.2.1',
244 silly addNameRange     '2.0.0',
244 silly addNameRange     '2.0.1',
244 silly addNameRange     '2.1.0',
244 silly addNameRange     '2.2.0',
244 silly addNameRange     '2.3.0',
244 silly addNameRange     '2.4.0',
244 silly addNameRange     '2.4.1',
244 silly addNameRange     '2.6.0',
244 silly addNameRange     '2.6.1',
244 silly addNameRange     '2.7.0',
244 silly addNameRange     '3.0.0',
244 silly addNameRange     '3.1.1',
244 silly addNameRange     '3.1.2',
244 silly addNameRange     '3.1.3',
244 silly addNameRange     '3.1.4',
244 silly addNameRange     '3.2.0',
244 silly addNameRange     '3.2.1',
244 silly addNameRange     '3.2.2',
244 silly addNameRange     '3.2.3',
244 silly addNameRange     '3.2.4',
244 silly addNameRange     '3.2.5',
244 silly addNameRange     '3.3.0',
244 silly addNameRange     '3.3.1',
244 silly addNameRange     '3.3.2',
244 silly addNameRange     '3.3.4',
244 silly addNameRange     '3.4.0',
244 silly addNameRange     '3.5.0',
244 silly addNameRange     '3.5.1',
244 silly addNameRange     '3.5.2',
244 silly addNameRange     '3.5.5',
244 silly addNameRange     '3.5.6',
244 silly addNameRange     '3.6.0',
244 silly addNameRange     '3.6.1',
244 silly addNameRange     '3.6.2',
244 silly addNameRange     '3.7.0',
244 silly addNameRange     '3.8.0',
244 silly addNameRange     '3.8.1',
244 silly addNameRange     '3.8.2',
244 silly addNameRange     '3.8.3',
244 silly addNameRange     '3.8.4',
244 silly addNameRange     '3.8.5',
244 silly addNameRange     '3.8.6',
244 silly addNameRange     '3.8.7',
244 silly addNameRange     '3.8.8',
244 silly addNameRange     '3.8.9',
244 silly addNameRange     '3.8.10' ] ]
245 verbose addNamed [ 'gulp', '3.8.10' ]
246 verbose addNamed [ '3.8.10', '3.8.10' ]
247 silly lockFile f843d0d7-gulp-3-8-10 gulp@3.8.10
248 verbose lock gulp@3.8.10 /Users/Sumit/.npm/f843d0d7-gulp-3-8-10.lock
249 silly lockFile f843d0d7-gulp-3-8-10 gulp@3.8.10
250 silly lockFile f843d0d7-gulp-3-8-10 gulp@3.8.10
251 silly lockFile 72f4391e-gulp gulp@
252 silly lockFile 72f4391e-gulp gulp@
253 http 200 https://registry.npmjs.org/gulp-autoprefixer/-/gulp-autoprefixer-2.0.0.tgz
254 silly lockFile b0acd079-ixer-gulp-autoprefixer-2-0-0-tgz https://registry.npmjs.org/gulp-autoprefixer/-/gulp-autoprefixer-2.0.0.tgz
255 silly lockFile b0acd079-ixer-gulp-autoprefixer-2-0-0-tgz https://registry.npmjs.org/gulp-autoprefixer/-/gulp-autoprefixer-2.0.0.tgz
256 silly lockFile f9a608cf-gulp-autoprefixer-2-0-0 gulp-autoprefixer@2.0.0
257 silly lockFile f9a608cf-gulp-autoprefixer-2-0-0 gulp-autoprefixer@2.0.0
258 silly lockFile e459a000-gulp-autoprefixer gulp-autoprefixer@
259 silly lockFile e459a000-gulp-autoprefixer gulp-autoprefixer@
260 http 200 https://registry.npmjs.org/gulp-jshint
261 silly registry.get cb [ 200,
261 silly registry.get   { date: 'Fri, 21 Nov 2014 21:52:50 GMT',
261 silly registry.get     server: 'CouchDB/1.5.0 (Erlang OTP/R16B03)',
261 silly registry.get     etag: '"72XPP6WMIUTKN8FQ957MJI7GX"',
261 silly registry.get     'content-type': 'application/json',
261 silly registry.get     'cache-control': 'max-age=60',
261 silly registry.get     'content-length': '52385',
261 silly registry.get     'accept-ranges': 'bytes',
261 silly registry.get     via: '1.1 varnish',
261 silly registry.get     age: '0',
261 silly registry.get     'x-served-by': 'cache-fra1242-FRA',
261 silly registry.get     'x-cache': 'HIT',
261 silly registry.get     'x-cache-hits': '1',
261 silly registry.get     'x-timer': 'S1416606769.962272,VS0,VE175',
261 silly registry.get     vary: 'Accept',
261 silly registry.get     'keep-alive': 'timeout=10, max=49',
261 silly registry.get     connection: 'Keep-Alive' } ]
262 silly addNameRange number 2 { name: 'gulp-jshint', range: '*', hasData: true }
263 silly addNameRange versions [ 'gulp-jshint',
263 silly addNameRange   [ '0.0.1',
263 silly addNameRange     '0.1.0',
263 silly addNameRange     '1.0.0',
263 silly addNameRange     '1.1.0',
263 silly addNameRange     '1.2.0',
263 silly addNameRange     '1.3.0',
263 silly addNameRange     '1.3.1',
263 silly addNameRange     '1.3.2',
263 silly addNameRange     '1.3.3',
263 silly addNameRange     '1.3.4',
263 silly addNameRange     '1.4.0',
263 silly addNameRange     '1.4.1',
263 silly addNameRange     '1.4.2',
263 silly addNameRange     '1.5.0',
263 silly addNameRange     '1.5.1',
263 silly addNameRange     '1.5.2',
263 silly addNameRange     '1.5.3',
263 silly addNameRange     '1.5.4',
263 silly addNameRange     '1.5.5',
263 silly addNameRange     '1.5.6',
263 silly addNameRange     '1.6.0',
263 silly addNameRange     '1.6.1',
263 silly addNameRange     '1.6.2',
263 silly addNameRange     '1.6.3',
263 silly addNameRange     '1.6.4',
263 silly addNameRange     '1.7.0',
263 silly addNameRange     '1.7.1',
263 silly addNameRange     '1.8.0',
263 silly addNameRange     '1.8.1',
263 silly addNameRange     '1.8.2',
263 silly addNameRange     '1.8.3',
263 silly addNameRange     '1.8.4',
263 silly addNameRange     '1.8.5',
263 silly addNameRange     '1.8.6',
263 silly addNameRange     '1.9.0' ] ]
264 verbose addNamed [ 'gulp-jshint', '1.9.0' ]
265 verbose addNamed [ '1.9.0', '1.9.0' ]
266 silly lockFile 0a299df4-gulp-jshint-1-9-0 gulp-jshint@1.9.0
267 verbose lock gulp-jshint@1.9.0 /Users/Sumit/.npm/0a299df4-gulp-jshint-1-9-0.lock
268 silly lockFile 0a299df4-gulp-jshint-1-9-0 gulp-jshint@1.9.0
269 silly lockFile 0a299df4-gulp-jshint-1-9-0 gulp-jshint@1.9.0
270 silly lockFile 8b36bbde-gulp-jshint gulp-jshint@
271 silly lockFile 8b36bbde-gulp-jshint gulp-jshint@
272 http 304 https://registry.npmjs.org/del
273 silly registry.get cb [ 304,
273 silly registry.get   { date: 'Fri, 21 Nov 2014 21:52:50 GMT',
273 silly registry.get     server: 'Apache',
273 silly registry.get     via: '1.1 varnish',
273 silly registry.get     'last-modified': 'Fri, 21 Nov 2014 21:52:50 GMT',
273 silly registry.get     'cache-control': 'max-age=60',
273 silly registry.get     etag: '"2TQWPZL1ZZOFULOO3GN5MUB5B"',
273 silly registry.get     age: '0',
273 silly registry.get     'x-served-by': 'cache-fra1242-FRA',
273 silly registry.get     'x-cache': 'HIT',
273 silly registry.get     'x-cache-hits': '1',
273 silly registry.get     'x-timer': 'S1416606770.256392,VS0,VE105',
273 silly registry.get     vary: 'Accept',
273 silly registry.get     'content-length': '0',
273 silly registry.get     'keep-alive': 'timeout=10, max=48',
273 silly registry.get     connection: 'Keep-Alive' } ]
274 verbose etag https://registry.npmjs.org/del from cache
275 silly addNameRange number 2 { name: 'del', range: '*', hasData: true }
276 silly addNameRange versions [ 'del', [ '0.1.0', '0.1.1', '0.1.2', '0.1.3' ] ]
277 verbose addNamed [ 'del', '0.1.3' ]
278 verbose addNamed [ '0.1.3', '0.1.3' ]
279 silly lockFile 6d26ea38-del-0-1-3 del@0.1.3
280 verbose lock del@0.1.3 /Users/Sumit/.npm/6d26ea38-del-0-1-3.lock
281 silly lockFile 6d26ea38-del-0-1-3 del@0.1.3
282 silly lockFile 6d26ea38-del-0-1-3 del@0.1.3
283 silly lockFile 98150654-del del@
284 silly lockFile 98150654-del del@
285 http 200 https://registry.npmjs.org/gulp-ruby-sass
286 silly registry.get cb [ 200,
286 silly registry.get   { date: 'Fri, 21 Nov 2014 21:52:50 GMT',
286 silly registry.get     server: 'CouchDB/1.5.0 (Erlang OTP/R16B03)',
286 silly registry.get     etag: '"HJR4XFEPQHIRHBT23ZZC4GP1"',
286 silly registry.get     'content-type': 'application/json',
286 silly registry.get     'cache-control': 'max-age=60',
286 silly registry.get     'content-length': '23470',
286 silly registry.get     'accept-ranges': 'bytes',
286 silly registry.get     via: '1.1 varnish',
286 silly registry.get     age: '0',
286 silly registry.get     'x-served-by': 'cache-fra1239-FRA',
286 silly registry.get     'x-cache': 'HIT',
286 silly registry.get     'x-cache-hits': '1',
286 silly registry.get     'x-timer': 'S1416606769.925993,VS0,VE405',
286 silly registry.get     vary: 'Accept',
286 silly registry.get     'keep-alive': 'timeout=10, max=50',
286 silly registry.get     connection: 'Keep-Alive' } ]
287 http 304 https://registry.npmjs.org/gulp-rename
288 silly registry.get cb [ 304,
288 silly registry.get   { date: 'Fri, 21 Nov 2014 21:52:50 GMT',
288 silly registry.get     server: 'Apache',
288 silly registry.get     via: '1.1 varnish',
288 silly registry.get     'last-modified': 'Fri, 21 Nov 2014 21:52:50 GMT',
288 silly registry.get     'cache-control': 'max-age=60',
288 silly registry.get     etag: '"5PJ1JG3W1FLXL54BFMAJ42UVK"',
288 silly registry.get     age: '0',
288 silly registry.get     'x-served-by': 'cache-fra1232-FRA',
288 silly registry.get     'x-cache': 'HIT',
288 silly registry.get     'x-cache-hits': '1',
288 silly registry.get     'x-timer': 'S1416606770.097499,VS0,VE420',
288 silly registry.get     vary: 'Accept',
288 silly registry.get     'content-length': '0',
288 silly registry.get     'keep-alive': 'timeout=10, max=49',
288 silly registry.get     connection: 'Keep-Alive' } ]
289 verbose etag https://registry.npmjs.org/gulp-rename from cache
290 silly addNameRange number 2 { name: 'gulp-rename', range: '*', hasData: true }
291 silly addNameRange versions [ 'gulp-rename',
291 silly addNameRange   [ '0.1.0', '0.2.1', '0.2.2', '1.0.0', '1.1.0', '1.2.0' ] ]
292 verbose addNamed [ 'gulp-rename', '1.2.0' ]
293 verbose addNamed [ '1.2.0', '1.2.0' ]
294 silly lockFile 5981c611-gulp-rename-1-2-0 gulp-rename@1.2.0
295 verbose lock gulp-rename@1.2.0 /Users/Sumit/.npm/5981c611-gulp-rename-1-2-0.lock
296 silly addNameRange number 2 { name: 'gulp-ruby-sass', range: '*', hasData: true }
297 silly addNameRange versions [ 'gulp-ruby-sass',
297 silly addNameRange   [ '0.1.0',
297 silly addNameRange     '0.1.1',
297 silly addNameRange     '0.1.2',
297 silly addNameRange     '0.2.0',
297 silly addNameRange     '0.3.0',
297 silly addNameRange     '0.3.1',
297 silly addNameRange     '0.4.0',
297 silly addNameRange     '0.4.1',
297 silly addNameRange     '0.4.2',
297 silly addNameRange     '0.4.3',
297 silly addNameRange     '0.5.0',
297 silly addNameRange     '0.6.0',
297 silly addNameRange     '0.7.0',
297 silly addNameRange     '0.7.1' ] ]
298 verbose addNamed [ 'gulp-ruby-sass', '0.7.1' ]
299 verbose addNamed [ '0.7.1', '0.7.1' ]
300 silly lockFile 6c8b8a58-gulp-ruby-sass-0-7-1 gulp-ruby-sass@0.7.1
301 verbose lock gulp-ruby-sass@0.7.1 /Users/Sumit/.npm/6c8b8a58-gulp-ruby-sass-0-7-1.lock
302 silly lockFile 5981c611-gulp-rename-1-2-0 gulp-rename@1.2.0
303 silly lockFile 5981c611-gulp-rename-1-2-0 gulp-rename@1.2.0
304 silly lockFile 6c8b8a58-gulp-ruby-sass-0-7-1 gulp-ruby-sass@0.7.1
305 silly lockFile 6c8b8a58-gulp-ruby-sass-0-7-1 gulp-ruby-sass@0.7.1
306 silly lockFile 81aa0665-gulp-rename gulp-rename@
307 silly lockFile 81aa0665-gulp-rename gulp-rename@
308 silly lockFile c308c9d4-gulp-ruby-sass gulp-ruby-sass@
309 silly lockFile c308c9d4-gulp-ruby-sass gulp-ruby-sass@
310 http 200 https://registry.npmjs.org/gulp-uglify
311 silly registry.get cb [ 200,
311 silly registry.get   { date: 'Fri, 21 Nov 2014 21:52:50 GMT',
311 silly registry.get     server: 'CouchDB/1.5.0 (Erlang OTP/R14B04)',
311 silly registry.get     etag: '"7VMAS0626ZT0EFGKH2WBE9ANG"',
311 silly registry.get     'content-type': 'application/json',
311 silly registry.get     'cache-control': 'max-age=60',
311 silly registry.get     'content-length': '19172',
311 silly registry.get     'accept-ranges': 'bytes',
311 silly registry.get     via: '1.1 varnish',
311 silly registry.get     age: '0',
311 silly registry.get     'x-served-by': 'cache-fra1242-FRA',
311 silly registry.get     'x-cache': 'HIT',
311 silly registry.get     'x-cache-hits': '1',
311 silly registry.get     'x-timer': 'S1416606769.964589,VS0,VE702',
311 silly registry.get     vary: 'Accept',
311 silly registry.get     'keep-alive': 'timeout=10, max=49',
311 silly registry.get     connection: 'Keep-Alive' } ]
312 silly addNameRange number 2 { name: 'gulp-uglify', range: '*', hasData: true }
313 silly addNameRange versions [ 'gulp-uglify',
313 silly addNameRange   [ '0.0.1',
313 silly addNameRange     '0.0.3',
313 silly addNameRange     '0.0.4',
313 silly addNameRange     '0.1.0',
313 silly addNameRange     '0.2.0',
313 silly addNameRange     '0.2.1',
313 silly addNameRange     '0.3.0',
313 silly addNameRange     '0.3.1',
313 silly addNameRange     '0.3.2',
313 silly addNameRange     '1.0.0-0',
313 silly addNameRange     '1.0.0',
313 silly addNameRange     '1.0.1' ] ]
314 verbose addNamed [ 'gulp-uglify', '1.0.1' ]
315 verbose addNamed [ '1.0.1', '1.0.1' ]
316 silly lockFile cef7c707-gulp-uglify-1-0-1 gulp-uglify@1.0.1
317 verbose lock gulp-uglify@1.0.1 /Users/Sumit/.npm/cef7c707-gulp-uglify-1-0-1.lock
318 silly lockFile cef7c707-gulp-uglify-1-0-1 gulp-uglify@1.0.1
319 silly lockFile cef7c707-gulp-uglify-1-0-1 gulp-uglify@1.0.1
320 silly lockFile 044a9113-gulp-uglify gulp-uglify@
321 silly lockFile 044a9113-gulp-uglify gulp-uglify@
322 http 200 https://registry.npmjs.org/gulp-concat
323 silly registry.get cb [ 200,
323 silly registry.get   { date: 'Fri, 21 Nov 2014 21:52:50 GMT',
323 silly registry.get     server: 'CouchDB/1.5.0 (Erlang OTP/R16B03)',
323 silly registry.get     etag: '"A3D7BVZQUP4E3CQ2C2P0OUWXA"',
323 silly registry.get     'content-type': 'application/json',
323 silly registry.get     'cache-control': 'max-age=60',
323 silly registry.get     'content-length': '28603',
323 silly registry.get     'accept-ranges': 'bytes',
323 silly registry.get     via: '1.1 varnish',
323 silly registry.get     age: '0',
323 silly registry.get     'x-served-by': 'cache-fra1245-FRA',
323 silly registry.get     'x-cache': 'HIT',
323 silly registry.get     'x-cache-hits': '1',
323 silly registry.get     'x-timer': 'S1416606769.926488,VS0,VE436',
323 silly registry.get     vary: 'Accept',
323 silly registry.get     'keep-alive': 'timeout=10, max=50',
323 silly registry.get     connection: 'Keep-Alive' } ]
324 silly addNameRange number 2 { name: 'gulp-concat', range: '*', hasData: true }
325 silly addNameRange versions [ 'gulp-concat',
325 silly addNameRange   [ '0.0.1',
325 silly addNameRange     '1.0.0',
325 silly addNameRange     '1.1.0',
325 silly addNameRange     '2.0.0',
325 silly addNameRange     '2.1.0',
325 silly addNameRange     '2.1.1',
325 silly addNameRange     '2.1.2',
325 silly addNameRange     '2.1.3',
325 silly addNameRange     '2.1.4',
325 silly addNameRange     '2.1.5',
325 silly addNameRange     '2.1.6',
325 silly addNameRange     '2.1.7',
325 silly addNameRange     '2.2.0',
325 silly addNameRange     '2.3.0',
325 silly addNameRange     '2.3.3',
325 silly addNameRange     '2.3.4',
325 silly addNameRange     '2.3.5',
325 silly addNameRange     '2.4.0',
325 silly addNameRange     '2.4.1',
325 silly addNameRange     '2.4.2' ] ]
326 verbose addNamed [ 'gulp-concat', '2.4.2' ]
327 verbose addNamed [ '2.4.2', '2.4.2' ]
328 silly lockFile 00e29c6f-gulp-concat-2-4-2 gulp-concat@2.4.2
329 verbose lock gulp-concat@2.4.2 /Users/Sumit/.npm/00e29c6f-gulp-concat-2-4-2.lock
330 silly lockFile 1c607d06-ulp-concat-gulp-concat-2-4-2-tgz https://registry.npmjs.org/gulp-concat/-/gulp-concat-2.4.2.tgz
331 verbose lock https://registry.npmjs.org/gulp-concat/-/gulp-concat-2.4.2.tgz /Users/Sumit/.npm/1c607d06-ulp-concat-gulp-concat-2-4-2-tgz.lock
332 verbose addRemoteTarball [ 'https://registry.npmjs.org/gulp-concat/-/gulp-concat-2.4.2.tgz',
332 verbose addRemoteTarball   '1b3ed877763674e8d3de5eca8ed382f0261ec2ea' ]
333 info retry fetch attempt 1 at 22:52:51
334 verbose fetch to= /var/folders/lc/55vb8npj2hl1rc8rhrzddtbr0000gn/T/npm-1288-zIRG7Por/registry.npmjs.org/gulp-concat/-/gulp-concat-2.4.2.tgz
335 http GET https://registry.npmjs.org/gulp-concat/-/gulp-concat-2.4.2.tgz
336 http 304 https://registry.npmjs.org/gulp-notify
337 silly registry.get cb [ 304,
337 silly registry.get   { date: 'Fri, 21 Nov 2014 21:52:50 GMT',
337 silly registry.get     server: 'Apache',
337 silly registry.get     via: '1.1 varnish',
337 silly registry.get     'last-modified': 'Fri, 21 Nov 2014 21:52:51 GMT',
337 silly registry.get     'cache-control': 'max-age=60',
337 silly registry.get     etag: '"EBPSU34UHUEHDNLD26JE8FAL7"',
337 silly registry.get     age: '0',
337 silly registry.get     'x-served-by': 'cache-fra1242-FRA',
337 silly registry.get     'x-cache': 'HIT',
337 silly registry.get     'x-cache-hits': '1',
337 silly registry.get     'x-timer': 'S1416606770.712235,VS0,VE427',
337 silly registry.get     vary: 'Accept',
337 silly registry.get     'content-length': '0',
337 silly registry.get     'keep-alive': 'timeout=10, max=47',
337 silly registry.get     connection: 'Keep-Alive' } ]
338 verbose etag https://registry.npmjs.org/gulp-notify from cache
339 silly addNameRange number 2 { name: 'gulp-notify', range: '*', hasData: true }
340 silly addNameRange versions [ 'gulp-notify',
340 silly addNameRange   [ '0.0.5',
340 silly addNameRange     '0.0.6',
340 silly addNameRange     '0.0.7',
340 silly addNameRange     '0.0.8',
340 silly addNameRange     '0.1.0',
340 silly addNameRange     '0.2.0',
340 silly addNameRange     '0.3.0',
340 silly addNameRange     '0.3.2',
340 silly addNameRange     '0.3.3',
340 silly addNameRange     '0.3.4',
340 silly addNameRange     '0.3.4-1',
340 silly addNameRange     '0.3.4-2',
340 silly addNameRange     '0.3.5-0',
340 silly addNameRange     '0.4.0',
340 silly addNameRange     '0.4.1',
340 silly addNameRange     '0.4.2',
340 silly addNameRange     '0.4.3',
340 silly addNameRange     '0.4.5',
340 silly addNameRange     '0.4.6',
340 silly addNameRange     '0.5.0',
340 silly addNameRange     '0.5.1',
340 silly addNameRange     '0.6.0',
340 silly addNameRange     '0.6.1',
340 silly addNameRange     '0.6.2',
340 silly addNameRange     '1.0.0-beta',
340 silly addNameRange     '1.1.0',
340 silly addNameRange     '1.1.1',
340 silly addNameRange     '1.2.0',
340 silly addNameRange     '1.2.1',
340 silly addNameRange     '1.2.2',
340 silly addNameRange     '1.2.4',
340 silly addNameRange     '1.2.5',
340 silly addNameRange     '1.2.6',
340 silly addNameRange     '1.3.0',
340 silly addNameRange     '1.3.1',
340 silly addNameRange     '1.4.0',
340 silly addNameRange     '1.4.1',
340 silly addNameRange     '1.4.2',
340 silly addNameRange     '1.5.0',
340 silly addNameRange     '1.5.1',
340 silly addNameRange     '1.6.0',
340 silly addNameRange     '1.7.0',
340 silly addNameRange     '1.7.1',
340 silly addNameRange     '1.8.0',
340 silly addNameRange     '2.0.0',
340 silly addNameRange     '2.0.1' ] ]
341 verbose addNamed [ 'gulp-notify', '2.0.1' ]
342 verbose addNamed [ '2.0.1', '2.0.1' ]
343 silly lockFile cb73b494-gulp-notify-2-0-1 gulp-notify@2.0.1
344 verbose lock gulp-notify@2.0.1 /Users/Sumit/.npm/cb73b494-gulp-notify-2-0-1.lock
345 silly lockFile cb73b494-gulp-notify-2-0-1 gulp-notify@2.0.1
346 silly lockFile cb73b494-gulp-notify-2-0-1 gulp-notify@2.0.1
347 silly lockFile 6b689132-gulp-notify gulp-notify@
348 silly lockFile 6b689132-gulp-notify gulp-notify@
349 http 200 https://registry.npmjs.org/gulp-concat/-/gulp-concat-2.4.2.tgz
350 silly lockFile 1c607d06-ulp-concat-gulp-concat-2-4-2-tgz https://registry.npmjs.org/gulp-concat/-/gulp-concat-2.4.2.tgz
351 silly lockFile 1c607d06-ulp-concat-gulp-concat-2-4-2-tgz https://registry.npmjs.org/gulp-concat/-/gulp-concat-2.4.2.tgz
352 silly lockFile 00e29c6f-gulp-concat-2-4-2 gulp-concat@2.4.2
353 silly lockFile 00e29c6f-gulp-concat-2-4-2 gulp-concat@2.4.2
354 silly lockFile 190d832a-gulp-concat gulp-concat@
355 silly lockFile 190d832a-gulp-concat gulp-concat@
356 error Error: EACCES, mkdir '/Users/Sumit/.npm/gulp-autoprefixer/2.0.0'
356 error  { [Error: EACCES, mkdir '/Users/Sumit/.npm/gulp-autoprefixer/2.0.0']
356 error   errno: 3,
356 error   code: 'EACCES',
356 error   path: '/Users/Sumit/.npm/gulp-autoprefixer/2.0.0' }
357 error Please try running this command again as root/Administrator.
358 error System Darwin 14.0.0
359 error command "node" "/usr/local/bin/npm" "install" "gulp" "gulp-ruby-sass" "gulp-autoprefixer" "gulp-minify-css" "gulp-jshint" "gulp-concat" "gulp-uglify" "gulp-notify" "gulp-rename" "del" "--save-dev"
360 error cwd /Users/Sumit/Projekte/einzl
361 error node -v v0.10.33
362 error npm -v 1.4.28
363 error path /Users/Sumit/.npm/gulp-autoprefixer/2.0.0
364 error code EACCES
365 error errno 3
366 error stack Error: EACCES, mkdir '/Users/Sumit/.npm/gulp-autoprefixer/2.0.0'
367 verbose exit [ 3, true ]
